<?xml version="1.0" encoding="UTF-8"?>
<testng-results ignored="0" total="2" passed="2" failed="0" skipped="0">
  <reporter-output>
  </reporter-output>
  <suite started-at="2020-11-16T18:42:36Z" name="Default suite" finished-at="2020-11-16T18:43:09Z" duration-ms="32640">
    <groups>
    </groups>
    <test started-at="2020-11-16T18:42:36Z" name="Default test" finished-at="2020-11-16T18:43:09Z" duration-ms="32640">
      <class name="com.ebfs.qa.testcases.SignInSignUpTest">
        <test-method is-config="true" signature="setUp()[pri:0, instance:com.ebfs.qa.testcases.SignInSignUpTest@5dafbe45]" started-at="2020-11-16T18:42:36Z" name="setUp" finished-at="2020-11-16T18:42:46Z" duration-ms="9621" status="PASS">
          <reporter-output>
          </reporter-output>
        </test-method> <!-- setUp -->
        <test-method signature="signUp()[pri:1, instance:com.ebfs.qa.testcases.SignInSignUpTest@5dafbe45]" started-at="2020-11-16T18:42:46Z" name="signUp" finished-at="2020-11-16T18:42:47Z" duration-ms="1435" status="PASS">
          <reporter-output>
          </reporter-output>
        </test-method> <!-- signUp -->
        <test-method is-config="true" signature="tearDown()[pri:0, instance:com.ebfs.qa.testcases.SignInSignUpTest@5dafbe45]" started-at="2020-11-16T18:42:47Z" name="tearDown" finished-at="2020-11-16T18:42:53Z" duration-ms="5665" status="PASS">
          <reporter-output>
          </reporter-output>
        </test-method> <!-- tearDown -->
        <test-method is-config="true" signature="setUp()[pri:0, instance:com.ebfs.qa.testcases.SignInSignUpTest@5dafbe45]" started-at="2020-11-16T18:42:53Z" name="setUp" finished-at="2020-11-16T18:43:01Z" duration-ms="8031" status="PASS">
          <reporter-output>
          </reporter-output>
        </test-method> <!-- setUp -->
        <test-method signature="signIn()[pri:2, instance:com.ebfs.qa.testcases.SignInSignUpTest@5dafbe45]" started-at="2020-11-16T18:43:01Z" name="signIn" finished-at="2020-11-16T18:43:03Z" duration-ms="2199" status="PASS">
          <reporter-output>
          </reporter-output>
        </test-method> <!-- signIn -->
        <test-method is-config="true" signature="tearDown()[pri:0, instance:com.ebfs.qa.testcases.SignInSignUpTest@5dafbe45]" started-at="2020-11-16T18:43:03Z" name="tearDown" finished-at="2020-11-16T18:43:09Z" duration-ms="5665" status="PASS">
          <reporter-output>
          </reporter-output>
        </test-method> <!-- tearDown -->
      </class> <!-- com.ebfs.qa.testcases.SignInSignUpTest -->
    </test> <!-- Default test -->
  </suite> <!-- Default suite -->
</testng-results>
